<?xml version="1.0" encoding="UTF-8"?>
<!-- Generated by org.testng.reporters.JUnitReportReporter -->
<testsuite hostname="BAC-LP-317" failures="0" tests="6" name="com.testCases.TC003_LoginDDT" time="65.972" errors="0" timestamp="2024-11-12T14:36:34 MYT" skipped="0">
  <testcase classname="com.testCases.TC003_LoginDDT" name="verify_loginDDT" time="11.015"/>
  <testcase classname="com.testCases.TC003_LoginDDT" name="verify_loginDDT" time="28.802"/>
  <testcase classname="com.testCases.TC003_LoginDDT" name="verify_loginDDT" time="13.717"/>
  <testcase classname="com.testCases.TC003_LoginDDT" name="verify_loginDDT" time="4.326"/>
  <testcase classname="com.testCases.TC003_LoginDDT" name="verify_loginDDT" time="4.124"/>
  <testcase classname="com.testCases.TC003_LoginDDT" name="verify_loginDDT" time="3.988"/>
</testsuite> <!-- com.testCases.TC003_LoginDDT -->
